[NOS] 2019/11/02 21:37:39 main.go:28: /Users/liyuntang/go/default/src/NOS/logs/nos.log
[NOS] 2019/11/02 21:53:42 main.go:28: /Users/liyuntang/go/default/src/NOS/logs/nos.log
[NOS] 2019/11/02 21:54:22 main.go:29: /Users/liyuntang/go/default/src/NOS/logs/nos.log
[NOS] 2019/11/02 21:54:22 judgeDir.go:14: dir /Users/liyuntang/go/default/src/NOS/data is not exist,and now we create it
[NOS] 2019/11/02 21:54:22 judgeDir.go:39: create dir /Users/liyuntang/go/default/src/NOS/data is ok
[NOS] 2019/11/02 21:54:29 main.go:29: /Users/liyuntang/go/default/src/NOS/logs/nos.log
[NOS] 2019/11/02 21:54:29 judgeDir.go:39: create dir /Users/liyuntang/go/default/src/NOS/data is ok
[NOS] 2019/11/02 21:54:31 main.go:29: /Users/liyuntang/go/default/src/NOS/logs/nos.log
[NOS] 2019/11/02 21:54:31 judgeDir.go:39: create dir /Users/liyuntang/go/default/src/NOS/data is ok
[NOS] 2019/11/02 21:54:37 main.go:29: /Users/liyuntang/go/default/src/NOS/logs/nos.log
[NOS] 2019/11/02 21:54:37 judgeDir.go:27: [warning] dir /Users/liyuntang/go/default/src/NOS/data is not null
[NOS] 2019/11/02 21:54:37 judgeDir.go:39: create dir /Users/liyuntang/go/default/src/NOS/data is ok
[NOS] 2019/11/02 21:54:41 main.go:29: /Users/liyuntang/go/default/src/NOS/logs/nos.log
[NOS] 2019/11/02 21:54:41 judgeDir.go:27: [warning] dir /Users/liyuntang/go/default/src/NOS/data is not null
[NOS] 2019/11/02 21:54:41 judgeDir.go:39: create dir /Users/liyuntang/go/default/src/NOS/data is ok
[NOS] 2019/11/02 21:54:52 main.go:29: /Users/liyuntang/go/default/src/NOS/logs/nos.log
[NOS] 2019/11/02 21:54:52 judgeDir.go:36: create dir /Users/liyuntang/go/default/src/NOS/data is bad, err is mkdir /Users/liyuntang/go/default/src/NOS/data: not a directory
[NOS] 2019/11/02 21:55:22 main.go:29: /Users/liyuntang/go/default/src/NOS/logs/nos.log
[NOS] 2019/11/02 21:55:22 judgeDir.go:14: dir /Users/liyuntang/go/default/src/NOS/data is not exist,and now we create it
[NOS] 2019/11/02 21:55:22 judgeDir.go:39: create dir /Users/liyuntang/go/default/src/NOS/data is ok
[NOS] 2019/11/02 22:04:27 main.go:31: /Users/liyuntang/go/default/src/NOS/logs/nos.log
[NOS] 2019/11/02 22:04:27 judgeDir.go:39: create dir /Users/liyuntang/go/default/src/NOS/data is ok
[NOS] 2019/11/02 22:05:42 main.go:31: /Users/liyuntang/go/default/src/NOS/logs/nos.log
[NOS] 2019/11/02 22:05:42 judgeDir.go:39: create dir /Users/liyuntang/go/default/src/NOS/data is ok
[NOS] 2019/11/02 22:27:30 judgeDir.go:39: create dir /Users/liyuntang/go/default/src/NOS/data is ok
[NOS] 2019/11/02 22:29:51 judgeDir.go:39: create dir /Users/liyuntang/go/default/src/NOS/data is ok
[NOS] 2019/11/02 22:30:38 judgeDir.go:39: create dir /Users/liyuntang/go/default/src/NOS/data is ok
[NOS] 2019/11/02 22:30:56 judgeDir.go:39: create dir /Users/liyuntang/go/default/src/NOS/data is ok
[NOS] 2019/11/03 10:20:20 judgeDir.go:39: create dir /Users/liyuntang/go/default/src/NOS/data is ok
[NOS] 2019/11/03 10:20:58 judgeDir.go:39: create dir /Users/liyuntang/go/default/src/NOS/data is ok
[NOS] 2019/11/03 14:37:05 judgeDir.go:39: create dir /Users/liyuntang/go/default/src/NOS/data is ok
[NOS] 2019/11/03 14:46:51 judgeDir.go:39: create dir /Users/liyuntang/go/default/src/NOS/data is ok
[NOS] 2019/11/03 14:46:55 get.go:17: file /Users/liyuntang/go/default/src/NOS/data/aaa.file is not exist
[NOS] 2019/11/03 14:46:57 get.go:17: file /Users/liyuntang/go/default/src/NOS/data/aaa.file is not exist
[NOS] 2019/11/03 14:46:58 get.go:17: file /Users/liyuntang/go/default/src/NOS/data/aaa.file is not exist
[NOS] 2019/11/03 14:46:58 get.go:17: file /Users/liyuntang/go/default/src/NOS/data/aaa.file is not exist
[NOS] 2019/11/03 14:46:59 get.go:17: file /Users/liyuntang/go/default/src/NOS/data/aaa.file is not exist
[NOS] 2019/11/03 14:46:59 get.go:17: file /Users/liyuntang/go/default/src/NOS/data/aaa.file is not exist
[NOS] 2019/11/03 14:47:00 get.go:17: file /Users/liyuntang/go/default/src/NOS/data/aaa.file is not exist
[NOS] 2019/11/03 14:47:00 get.go:17: file /Users/liyuntang/go/default/src/NOS/data/aaa.file is not exist
[NOS] 2019/11/03 14:47:01 get.go:17: file /Users/liyuntang/go/default/src/NOS/data/aaa.file is not exist
[NOS] 2019/11/03 14:47:02 get.go:17: file /Users/liyuntang/go/default/src/NOS/data/aaa.file is not exist
[NOS] 2019/11/03 14:47:05 get.go:17: file /Users/liyuntang/go/default/src/NOS/data/aaa.file is not exist
[NOS] 2019/11/03 14:47:06 get.go:17: file /Users/liyuntang/go/default/src/NOS/data/aaa.file is not exist
[NOS] 2019/11/03 14:54:12 judgeDir.go:39: create dir /Users/liyuntang/go/default/src/NOS/data is ok
[NOS] 2019/11/03 14:54:16 get.go:17: file /Users/liyuntang/go/default/src/NOS/data/aaa.file is not exist
[NOS] 2019/11/03 14:54:17 get.go:17: file /Users/liyuntang/go/default/src/NOS/data/aaa.file is not exist
[NOS] 2019/11/03 14:54:17 get.go:17: file /Users/liyuntang/go/default/src/NOS/data/aaa.file is not exist
[NOS] 2019/11/03 14:54:18 get.go:17: file /Users/liyuntang/go/default/src/NOS/data/aaa.file is not exist
[NOS] 2019/11/03 14:54:18 get.go:17: file /Users/liyuntang/go/default/src/NOS/data/aaa.file is not exist
[NOS] 2019/11/03 14:54:19 get.go:17: file /Users/liyuntang/go/default/src/NOS/data/aaa.file is not exist
[NOS] 2019/11/03 14:54:19 get.go:17: file /Users/liyuntang/go/default/src/NOS/data/aaa.file is not exist
[NOS] 2019/11/03 14:54:20 get.go:17: file /Users/liyuntang/go/default/src/NOS/data/aaa.file is not exist
[NOS] 2019/11/03 14:54:39 get.go:17: file /Users/liyuntang/go/default/src/NOS/data/aaa.file is not exist
[NOS] 2019/11/03 14:54:44 get.go:17: file /Users/liyuntang/go/default/src/NOS/data/aaa.file is not exist
[NOS] 2019/11/03 14:54:44 get.go:17: file /Users/liyuntang/go/default/src/NOS/data/aaa.file is not exist
[NOS] 2019/11/03 14:54:45 get.go:17: file /Users/liyuntang/go/default/src/NOS/data/aaa.file is not exist
[NOS] 2019/11/03 14:54:47 get.go:17: file /Users/liyuntang/go/default/src/NOS/data/aaa.file is not exist
[NOS] 2019/11/03 14:54:48 get.go:17: file /Users/liyuntang/go/default/src/NOS/data/aaa.file is not exist
[NOS] 2019/11/03 14:54:49 get.go:17: file /Users/liyuntang/go/default/src/NOS/data/aaa.file is not exist
[NOS] 2019/11/03 14:54:50 get.go:17: file /Users/liyuntang/go/default/src/NOS/data/aaa.file is not exist
[NOS] 2019/11/03 14:54:51 get.go:17: file /Users/liyuntang/go/default/src/NOS/data/aaa.file is not exist
[NOS] 2019/11/03 14:54:51 get.go:17: file /Users/liyuntang/go/default/src/NOS/data/aaa.file is not exist
[NOS] 2019/11/03 14:55:16 put.go:33: write file /Users/liyuntang/go/default/src/NOS/data/aaa.file is ok
[NOS] 2019/11/03 14:59:43 judgeDir.go:27: [warning] dir /Users/liyuntang/go/default/src/NOS/data is not null
[NOS] 2019/11/03 14:59:43 judgeDir.go:39: create dir /Users/liyuntang/go/default/src/NOS/data is ok
[NOS] 2019/11/03 15:00:01 delete.go:29: delete file /Users/liyuntang/go/default/src/NOS/data/aaa.file is ok
[NOS] 2019/11/03 15:00:07 delete.go:17: file /Users/liyuntang/go/default/src/NOS/data/aaa.file is not exist
[NOS] 2019/11/03 15:00:11 delete.go:17: file /Users/liyuntang/go/default/src/NOS/data/aaa.file is not exist
[NOS] 2019/11/03 15:00:13 delete.go:17: file /Users/liyuntang/go/default/src/NOS/data/aaa.file is not exist
[NOS] 2019/11/03 15:00:13 delete.go:17: file /Users/liyuntang/go/default/src/NOS/data/aaa.file is not exist
[NOS] 2019/11/03 15:00:14 delete.go:17: file /Users/liyuntang/go/default/src/NOS/data/aaa.file is not exist
[NOS] 2019/11/03 15:00:14 delete.go:17: file /Users/liyuntang/go/default/src/NOS/data/aaa.file is not exist
[NOS] 2019/11/03 15:00:15 delete.go:17: file /Users/liyuntang/go/default/src/NOS/data/aaa.file is not exist
